(1770336540.380455) can0 30A#C700000000000000
(1770336540.380701) can0 318#00000000000AAE00
(1770336540.380845) can0 346#000000030300C000
(1770336540.381595) can0 348#0000000000000000
(1770336540.391619) can0 303#000008060E052000
(1770336540.391870) can0 307#0600000000000000
(1770336540.392120) can0 38A#4000400100470000
(1770336540.392345) can0 3B3#1080000CFE000000
(1770336540.392595) can0 3CA#2E80000000000000
(1770336540.392845) can0 3D0#034F000088000F89
(1770336540.413723) can0 3B4#401111FF1E1E0000
(1770336540.417698) can0 3CA#2E80000000000000
(1770336540.423056) can0 3B5#00D700D500E600E8
(1770336540.445371) can0 3E8#4088000000000000
(1770336540.448496) can0 3CA#2E80000000000000
(1770336540.462985) can0 3B2#1080C00CE6000002
(1770336540.465743) can0 3C3#400C000000008000
(1770336540.477715) can0 3CA#2E80000000000000
(1770336540.480122) can0 318#00000000000AAE00
(1770336540.480371) can0 346#000000030300C000
(1770336540.480622) can0 348#0000000000000000
